Base path: 'C:/Program Files/Unity/Hub/Editor/2019.4.34f1/Editor/Data', plugins path 'C:/Program Files/Unity/Hub/Editor/2019.4.34f1/Editor/Data/PlaybackEngines'
Cmd: initializeCompiler
Cmd: preprocess
  insize=1601 outsize=1601 ok=1
Cmd: preprocess
  insize=2846 outsize=2846 ok=1
Cmd: preprocess
  insize=2439 outsize=823 ok=1
Cmd: preprocess
  insize=212 outsize=209 ok=1
Cmd: preprocess
  insize=2433 outsize=2218 ok=1
Cmd: preprocess
  insize=1680 outsize=1680 ok=1
Cmd: preprocess
  insize=1732 outsize=1729 ok=1
Cmd: preprocess
  insize=1145 outsize=545 ok=1
Cmd: preprocess
  insize=3726 outsize=2061 ok=1
Cmd: preprocess
  insize=2853 outsize=2853 ok=1
Cmd: preprocess
  insize=11125 outsize=1843 ok=1
Cmd: preprocess
  insize=3545 outsize=1889 ok=1
Cmd: preprocess
  insize=3116 outsize=2425 ok=1
Cmd: preprocess
  insize=3628 outsize=1911 ok=1
Cmd: preprocess
  insize=1698 outsize=1698 ok=1
Cmd: preprocess
  insize=2288 outsize=2288 ok=1
Cmd: preprocess
  insize=1390 outsize=454 ok=1
Cmd: preprocess
  insize=2444 outsize=2229 ok=1
Cmd: preprocess
  insize=1735 outsize=1732 ok=1
Cmd: preprocess
  insize=5104 outsize=2365 ok=1
Cmd: preprocess
  insize=1933 outsize=1690 ok=1
Cmd: preprocess
  insize=2195 outsize=2195 ok=1
Cmd: preprocess
  insize=11551 outsize=1853 ok=1
Cmd: preprocess
  insize=11446 outsize=2036 ok=1
Cmd: preprocess
  insize=1763 outsize=1623 ok=1
Cmd: preprocess
  insize=1636 outsize=863 ok=1
Cmd: preprocess
  insize=1723 outsize=1723 ok=1
Cmd: preprocess
  insize=4315 outsize=624 ok=1
Cmd: preprocess
  insize=3566 outsize=1875 ok=1
Cmd: preprocess
  insize=2437 outsize=2222 ok=1
Cmd: preprocess
  insize=1750 outsize=1747 ok=1
Cmd: preprocess
  insize=3565 outsize=1909 ok=1
Cmd: preprocess
  insize=9581 outsize=1546 ok=1
Cmd: preprocess
  insize=4522 outsize=3210 ok=1
Cmd: preprocess
  insize=1779 outsize=532 ok=1
Cmd: preprocess
  insize=2414 outsize=2035 ok=1
Cmd: preprocess
  insize=1696 outsize=1696 ok=1
Cmd: preprocess
  insize=2595 outsize=2103 ok=1
Cmd: preprocess
  insize=2695 outsize=2169 ok=1
Cmd: preprocess
  insize=3173 outsize=1715 ok=1
Cmd: preprocess
  insize=3556 outsize=1900 ok=1
Cmd: preprocess
  insize=2397 outsize=857 ok=1
Cmd: preprocess
  insize=4007 outsize=2118 ok=1
Cmd: preprocess
  insize=1697 outsize=1697 ok=1
Cmd: preprocess
  insize=5842 outsize=3552 ok=1
Cmd: preprocess
  insize=2402 outsize=2224 ok=1
Cmd: preprocess
  insize=2451 outsize=2236 ok=1
Cmd: compileSnippet
  api=4 type=0 insize=619 outsize=838 kw=_USE8NEIGHBOURHOOD_ON pd=UNITY_ENABLE_REFLECTION_BUFFERS UNITY_USE_DITHER_MASK_FOR_ALPHABLENDED_SHADOWS UNITY_PBS_USE_BRDF1 UNITY_SPECCUBE_BOX_PROJECTION UNITY_SPECCUBE_BLENDING UNITY_ENABLE_DETAIL_NORMALMAP SHADER_API_DESKTOP UNITY_COLORSPACE_GAMMA UNITY_LIGHT_PROBE_PROXY_VOLUME UNITY_LIGHTMAP_FULL_HDR ok=1
Cmd: compileSnippet
  api=4 type=1 insize=619 outsize=1974 kw=_USE8NEIGHBOURHOOD_ON pd=UNITY_ENABLE_REFLECTION_BUFFERS UNITY_USE_DITHER_MASK_FOR_ALPHABLENDED_SHADOWS UNITY_PBS_USE_BRDF1 UNITY_SPECCUBE_BOX_PROJECTION UNITY_SPECCUBE_BLENDING UNITY_ENABLE_DETAIL_NORMALMAP SHADER_API_DESKTOP UNITY_COLORSPACE_GAMMA UNITY_LIGHT_PROBE_PROXY_VOLUME UNITY_LIGHTMAP_FULL_HDR ok=1
Cmd: compileSnippet
  api=4 type=0 insize=656 outsize=970 kw=_CANVAS_GROUP_COMPATIBLE pd=UNITY_ENABLE_REFLECTION_BUFFERS UNITY_USE_DITHER_MASK_FOR_ALPHABLENDED_SHADOWS UNITY_PBS_USE_BRDF1 UNITY_SPECCUBE_BOX_PROJECTION UNITY_SPECCUBE_BLENDING UNITY_ENABLE_DETAIL_NORMALMAP SHADER_API_DESKTOP UNITY_COLORSPACE_GAMMA UNITY_LIGHT_PROBE_PROXY_VOLUME UNITY_LIGHTMAP_FULL_HDR ok=1
Cmd: compileSnippet
  api=4 type=1 insize=656 outsize=678 kw=_CANVAS_GROUP_COMPATIBLE pd=UNITY_ENABLE_REFLECTION_BUFFERS UNITY_USE_DITHER_MASK_FOR_ALPHABLENDED_SHADOWS UNITY_PBS_USE_BRDF1 UNITY_SPECCUBE_BOX_PROJECTION UNITY_SPECCUBE_BLENDING UNITY_ENABLE_DETAIL_NORMALMAP SHADER_API_DESKTOP UNITY_COLORSPACE_GAMMA UNITY_LIGHT_PROBE_PROXY_VOLUME UNITY_LIGHTMAP_FULL_HDR ok=1
Cmd: shutdown
